<?xml version="1.0" encoding="UTF-8"?>
<testsuite name="com.thoughtworks.rectangle.AreaTest" tests="1" skipped="0" failures="0" errors="0" timestamp="2024-05-31T07:44:12" hostname="gurushifu-gurushifugitp-v1iuu0e0u9s" time="0.014">
  <properties/>
  <testcase name="shouldReturnAreaWhenLengthAndBreadthAreGiven()" classname="com.thoughtworks.rectangle.AreaTest" time="0.014"/>
  <system-out><![CDATA[]]></system-out>
  <system-err><![CDATA[]]></system-err>
</testsuite>
